<?xml version="1.0" encoding="UTF-8"?>
<!-- Generated by org.testng.reporters.JUnitXMLReporter -->
<testsuite ignored="0" hostname="DESKTOP-M23FVFN" failures="0" tests="3" name=" Filiais " time="339.253" errors="0" timestamp="24 mar. 2022 13:33:21 GMT">
  <testcase classname="com.timp.test.MDR.Filiais.FiliaisDetalle" name="detalle" time="117.557"/>
  <testcase classname="com.timp.test.MDR.Filiais.FiliaisEditar" name="editar" time="124.435"/>
  <testcase classname="com.timp.test.MDR.Filiais.FiliaisVisualizar" name="visualizar" time="56.775"/>
</testsuite> <!--  Filiais  -->
