<?xml version="1.0" encoding="UTF-8"?>
<!-- Generated by org.testng.reporters.JUnitXMLReporter -->
<testsuite ignored="0" hostname="DESKTOP-M23FVFN" failures="0" tests="7" name="Tabelas de Apoio E-SOCIAL &gt; Tabela 10 - Tipos de Lotação Tributária" time="1232.298" errors="0" timestamp="11 mar. 2022 05:28:38 GMT">
  <testcase classname="com.timp.test.MDR.TabelasApoioESocial.Tabela10.TiposDeLotacaoTributarioCriar" name="criar" time="159.219"/>
  <testcase classname="com.timp.test.MDR.TabelasApoioESocial.Tabela10.TiposDeLotacaoTributarioEditar" name="editar" time="191.726"/>
  <testcase classname="com.timp.test.MDR.TabelasApoioESocial.Tabela10.TiposDeLotacaoTributarioVisualizar" name="visualizar" time="169.039"/>
  <testcase classname="com.timp.test.MDR.TabelasApoioESocial.Tabela10.TiposDeLotacaoTributarioDetalhe" name="detalhes" time="110.65"/>
  <testcase classname="com.timp.test.MDR.TabelasApoioESocial.Tabela10.TiposDeLotacaoTributarioExcluir" name="excluir" time="147.964"/>
  <testcase classname="com.timp.test.MDR.TabelasApoioESocial.Tabela10.TiposDeLotacaoTributarioExcluirEmMassa" name="criar" time="169.889"/>
  <testcase classname="com.timp.test.MDR.TabelasApoioESocial.Tabela10.TiposDeLotacaoTributarioExcluirEmMassa" name="excluirEmMassa" time="34.609"/>
</testsuite> <!-- Tabelas de Apoio E-SOCIAL > Tabela 10 - Tipos de Lotação Tributária -->
