<?xml version="1.0" encoding="UTF-8"?>
<!-- Generated by org.testng.reporters.JUnitXMLReporter -->
<testsuite ignored="0" hostname="DESKTOP-M23FVFN" failures="0" tests="7" name="Tabelas de Apoio E-SOCIAL &gt; Tabela 09 - Tipos de Arquivos e-Social" time="1262.21" errors="0" timestamp="11 mar. 2022 05:08:05 GMT">
  <testcase classname="com.timp.test.MDR.TabelasApoioESocial.Tabela09.TiposDeArquivosESocialCriar" name="criar" time="149.272"/>
  <testcase classname="com.timp.test.MDR.TabelasApoioESocial.Tabela09.TiposDeArquivosESocialEditar" name="editar" time="179.644"/>
  <testcase classname="com.timp.test.MDR.TabelasApoioESocial.Tabela09.TiposDeArquivosESocialVisualizar" name="visualizar" time="162.464"/>
  <testcase classname="com.timp.test.MDR.TabelasApoioESocial.Tabela09.TiposDeArquivosESocialDetalhe" name="detalhes" time="153.625"/>
  <testcase classname="com.timp.test.MDR.TabelasApoioESocial.Tabela09.TiposDeArquivosESocialExcluir" name="excluir" time="154.124"/>
  <testcase classname="com.timp.test.MDR.TabelasApoioESocial.Tabela09.TiposDeArquivosESocialExcluirEmMassa" name="criar" time="212.97"/>
  <testcase classname="com.timp.test.MDR.TabelasApoioESocial.Tabela09.TiposDeArquivosESocialExcluirEmMassa" name="excluirEmMassa" time="39.318"/>
</testsuite> <!-- Tabelas de Apoio E-SOCIAL > Tabela 09 - Tipos de Arquivos e-Social -->
