<?xml version="1.0" encoding="UTF-8"?>
<!-- Generated by org.testng.reporters.JUnitXMLReporter -->
<testsuite ignored="0" hostname="DESKTOP-M23FVFN" failures="0" tests="2" name="Transferencias de Saldos Credores" time="256.946" errors="0" timestamp="23 mar. 2022 21:05:25 GMT">
  <testcase classname="com.timp.test.TCC.TransferenciaDeSaldosCredores.TransferenciaDeSaldosCredoresFiltroPorId" name="filtroPorId" time="64.747"/>
  <testcase classname="com.timp.test.TCC.TransferenciaDeSaldosCredores.TransferenciaDeSaldosCredoresFiltrosAvancados" name="filtrarAvanzados" time="136.55"/>
</testsuite> <!-- Transferencias de Saldos Credores -->
